{"uuid":"49790d4a-65f5-484e-a775-14162e67597c","historyId":"d9848e02d97e43280b39d550740c5b73","fullName":"base.BaseTest.setup","labels":[{"name":"package","value":"tests.IndigoTest"},{"name":"testClass","value":"tests.IndigoTest"},{"name":"testMethod","value":"setup"},{"name":"parentSuite","value":"Default Suite"},{"name":"suite","value":"AppiumFramework"},{"name":"subSuite","value":"tests.IndigoTest"},{"name":"host","value":"Surenders-MacBook-Pro.local"},{"name":"thread","value":"978@Surenders-MacBook-Pro.local.main(1)"},{"name":"framework","value":"testng"},{"name":"language","value":"java"},{"name":"AS_ID","value":"-1"}],"links":[],"name":"setup","status":"broken","statusDetails":{"known":false,"muted":false,"flaky":false,"message":"Could not start a new session. Possible causes are invalid address of the remote server or browser start-up failure. \nHost info: host: 'Surenders-MacBook-Pro.local', ip: 'fe80:0:0:0:a6:5b1b:2f78:6d34%en0'","trace":"org.openqa.selenium.SessionNotCreatedException: Could not start a new session. Possible causes are invalid address of the remote server or browser start-up failure. \nHost info: host: 'Surenders-MacBook-Pro.local', ip: 'fe80:0:0:0:a6:5b1b:2f78:6d34%en0'\n\tat org.openqa.selenium.remote.RemoteWebDriver.execute(RemoteWebDriver.java:563)\n\tat io.appium.java_client.AppiumDriver.startSession(AppiumDriver.java:270)\n\tat org.openqa.selenium.remote.RemoteWebDriver.<init>(RemoteWebDriver.java:174)\n\tat io.appium.java_client.AppiumDriver.<init>(AppiumDriver.java:91)\n\tat io.appium.java_client.AppiumDriver.<init>(AppiumDriver.java:103)\n\tat io.appium.java_client.android.AndroidDriver.<init>(AndroidDriver.java:109)\n\tat base.BaseTest.setup(BaseTest.java:43)\n\tat java.base/jdk.internal.reflect.NativeMethodAccessorImpl.invoke0(Native Method)\n\tat java.base/jdk.internal.reflect.NativeMethodAccessorImpl.invoke(NativeMethodAccessorImpl.java:62)\n\tat java.base/jdk.internal.reflect.DelegatingMethodAccessorImpl.invoke(DelegatingMethodAccessorImpl.java:43)\n\tat java.base/java.lang.reflect.Method.invoke(Method.java:566)\n\tat org.testng.internal.invokers.MethodInvocationHelper.invokeMethod(MethodInvocationHelper.java:139)\n\tat org.testng.internal.invokers.MethodInvocationHelper.invokeMethodConsideringTimeout(MethodInvocationHelper.java:69)\n\tat org.testng.internal.invokers.ConfigInvoker.invokeConfigurationMethod(ConfigInvoker.java:390)\n\tat org.testng.internal.invokers.ConfigInvoker.invokeConfigurations(ConfigInvoker.java:325)\n\tat org.testng.internal.invokers.TestInvoker.runConfigMethods(TestInvoker.java:810)\n\tat org.testng.internal.invokers.TestInvoker.invokeMethod(TestInvoker.java:577)\n\tat org.testng.internal.invokers.TestInvoker.invokeTestMethod(TestInvoker.java:227)\n\tat org.testng.internal.invokers.MethodRunner.runInSequence(MethodRunner.java:50)\n\tat org.testng.internal.invokers.TestInvoker$MethodInvocationAgent.invoke(TestInvoker.java:957)\n\tat org.testng.internal.invokers.TestInvoker.invokeTestMethods(TestInvoker.java:200)\n\tat org.testng.internal.invokers.TestMethodWorker.invokeTestMethods(TestMethodWorker.java:148)\n\tat org.testng.internal.invokers.TestMethodWorker.run(TestMethodWorker.java:128)\n\tat java.base/java.util.ArrayList.forEach(ArrayList.java:1541)\n\tat org.testng.TestRunner.privateRun(TestRunner.java:848)\n\tat org.testng.TestRunner.run(TestRunner.java:621)\n\tat org.testng.SuiteRunner.runTest(SuiteRunner.java:443)\n\tat org.testng.SuiteRunner.runSequentially(SuiteRunner.java:437)\n\tat org.testng.SuiteRunner.privateRun(SuiteRunner.java:397)\n\tat org.testng.SuiteRunner.run(SuiteRunner.java:336)\n\tat org.testng.SuiteRunnerWorker.runSuite(SuiteRunnerWorker.java:52)\n\tat org.testng.SuiteRunnerWorker.run(SuiteRunnerWorker.java:95)\n\tat org.testng.TestNG.runSuitesSequentially(TestNG.java:1280)\n\tat org.testng.TestNG.runSuitesLocally(TestNG.java:1200)\n\tat org.testng.TestNG.runSuites(TestNG.java:1114)\n\tat org.testng.TestNG.run(TestNG.java:1082)\n\tat com.intellij.rt.testng.IDEARemoteTestNG.run(IDEARemoteTestNG.java:65)\n\tat com.intellij.rt.testng.RemoteTestNGStarter.main(RemoteTestNGStarter.java:105)\nCaused by: org.openqa.selenium.WebDriverException: Connection refused\nBuild info: version: '4.28.1', revision: '73f5ad48a2'\nSystem info: os.name: 'Mac OS X', os.arch: 'aarch64', os.version: '15.0', java.version: '11.0.26'\nDriver info: driver.version: AndroidDriver\n\tat io.appium.java_client.remote.AppiumCommandExecutor.lambda$execute$2(AppiumCommandExecutor.java:248)\n\tat java.base/java.util.Optional.orElseGet(Optional.java:369)\n\tat io.appium.java_client.remote.AppiumCommandExecutor.execute(AppiumCommandExecutor.java:248)\n\tat org.openqa.selenium.remote.RemoteWebDriver.execute(RemoteWebDriver.java:545)\n\t... 37 more\nCaused by: java.net.ConnectException: Connection refused\n\tat java.base/sun.nio.ch.SocketChannelImpl.checkConnect(Native Method)\n\tat java.base/sun.nio.ch.SocketChannelImpl.finishConnect(SocketChannelImpl.java:779)\n\tat java.net.http/jdk.internal.net.http.PlainHttpConnection$ConnectEvent.handle(PlainHttpConnection.java:128)\n\tat java.net.http/jdk.internal.net.http.HttpClientImpl$SelectorManager.handleEvent(HttpClientImpl.java:960)\n\tat java.net.http/jdk.internal.net.http.HttpClientImpl$SelectorManager.lambda$run$3(HttpClientImpl.java:915)\n\tat java.base/java.util.ArrayList.forEach(ArrayList.java:1541)\n\tat java.net.http/jdk.internal.net.http.HttpClientImpl$SelectorManager.run(HttpClientImpl.java:915)\n"},"stage":"finished","steps":[],"attachments":[],"parameters":[],"start":1739422285711,"stop":1739422285712}